{"/Users/davidvazquez/Documents/GitHub/skylab.repository/skylab-bootcamp-202104-bcn/david-vazquez/challenges/to-do-list-fullstack/backend/src/controllers/tasksController.js": {"path":"/Users/davidvazquez/Documents/GitHub/skylab.repository/skylab-bootcamp-202104-bcn/david-vazquez/challenges/to-do-list-fullstack/backend/src/controllers/tasksController.js","statementMap":{"0":{"start":{"line":1,"column":14},"end":{"line":1,"column":56}},"1":{"start":{"line":2,"column":13},"end":{"line":2,"column":42}},"2":{"start":{"line":6,"column":4},"end":{"line":13,"column":5}},"3":{"start":{"line":7,"column":20},"end":{"line":7,"column":37}},"4":{"start":{"line":8,"column":6},"end":{"line":8,"column":22}},"5":{"start":{"line":10,"column":6},"end":{"line":10,"column":19}},"6":{"start":{"line":11,"column":6},"end":{"line":11,"column":22}},"7":{"start":{"line":12,"column":6},"end":{"line":12,"column":22}},"8":{"start":{"line":17,"column":20},"end":{"line":17,"column":38}},"9":{"start":{"line":18,"column":4},"end":{"line":18,"column":19}},"10":{"start":{"line":19,"column":4},"end":{"line":26,"column":5}},"11":{"start":{"line":20,"column":6},"end":{"line":20,"column":27}},"12":{"start":{"line":21,"column":6},"end":{"line":21,"column":24}},"13":{"start":{"line":23,"column":6},"end":{"line":23,"column":19}},"14":{"start":{"line":24,"column":6},"end":{"line":24,"column":22}},"15":{"start":{"line":25,"column":6},"end":{"line":25,"column":22}},"16":{"start":{"line":30,"column":4},"end":{"line":38,"column":5}},"17":{"start":{"line":31,"column":6},"end":{"line":31,"column":54}},"18":{"start":{"line":32,"column":6},"end":{"line":32,"column":22}},"19":{"start":{"line":33,"column":6},"end":{"line":33,"column":17}},"20":{"start":{"line":35,"column":6},"end":{"line":35,"column":19}},"21":{"start":{"line":36,"column":6},"end":{"line":36,"column":22}},"22":{"start":{"line":37,"column":6},"end":{"line":37,"column":22}},"23":{"start":{"line":42,"column":4},"end":{"line":53,"column":5}},"24":{"start":{"line":43,"column":26},"end":{"line":47,"column":7}},"25":{"start":{"line":48,"column":6},"end":{"line":48,"column":28}},"26":{"start":{"line":50,"column":6},"end":{"line":50,"column":19}},"27":{"start":{"line":51,"column":6},"end":{"line":51,"column":22}},"28":{"start":{"line":52,"column":6},"end":{"line":52,"column":22}},"29":{"start":{"line":56,"column":2},"end":{"line":61,"column":4}},"30":{"start":{"line":64,"column":0},"end":{"line":64,"column":33}}},"fnMap":{"0":{"name":"tasksController","decl":{"start":{"line":4,"column":9},"end":{"line":4,"column":24}},"loc":{"start":{"line":4,"column":27},"end":{"line":62,"column":1}},"line":4},"1":{"name":"getAllTasks","decl":{"start":{"line":5,"column":17},"end":{"line":5,"column":28}},"loc":{"start":{"line":5,"column":39},"end":{"line":14,"column":3}},"line":5},"2":{"name":"createOne","decl":{"start":{"line":16,"column":17},"end":{"line":16,"column":26}},"loc":{"start":{"line":16,"column":37},"end":{"line":27,"column":3}},"line":16},"3":{"name":"deleteById","decl":{"start":{"line":29,"column":17},"end":{"line":29,"column":27}},"loc":{"start":{"line":29,"column":38},"end":{"line":39,"column":3}},"line":29},"4":{"name":"updateById","decl":{"start":{"line":41,"column":17},"end":{"line":41,"column":27}},"loc":{"start":{"line":41,"column":38},"end":{"line":54,"column":3}},"line":41}},"branchMap":{},"s":{"0":1,"1":1,"2":2,"3":2,"4":1,"5":1,"6":1,"7":1,"8":2,"9":2,"10":2,"11":2,"12":1,"13":1,"14":1,"15":1,"16":2,"17":2,"18":1,"19":1,"20":1,"21":1,"22":1,"23":2,"24":2,"25":1,"26":1,"27":1,"28":1,"29":1,"30":1},"f":{"0":1,"1":2,"2":2,"3":2,"4":2},"b":{},"_coverageSchema":"1a1c01bbd47fc00a2c39e90264f33305004495a9","hash":"44dde297ddc487231d522aacf6c50d20de5731c0"}
,"/Users/davidvazquez/Documents/GitHub/skylab.repository/skylab-bootcamp-202104-bcn/david-vazquez/challenges/to-do-list-fullstack/backend/src/model/taskModel.js": {"path":"/Users/davidvazquez/Documents/GitHub/skylab.repository/skylab-bootcamp-202104-bcn/david-vazquez/challenges/to-do-list-fullstack/backend/src/model/taskModel.js","statementMap":{"0":{"start":{"line":1,"column":17},"end":{"line":1,"column":36}},"1":{"start":{"line":3,"column":22},"end":{"line":6,"column":2}},"2":{"start":{"line":8,"column":0},"end":{"line":8,"column":55}}},"fnMap":{},"branchMap":{},"s":{"0":1,"1":1,"2":1},"f":{},"b":{},"_coverageSchema":"1a1c01bbd47fc00a2c39e90264f33305004495a9","hash":"314991c79b179cef2e2f87df0f02aa038243291f"}
}
