TN:
SF:src/controllers/tasksController.js
FN:4,tasksController
FN:5,getAllTasks
FN:16,createOne
FN:29,deleteById
FN:41,updateById
FNF:5
FNH:5
FNDA:1,tasksController
FNDA:2,getAllTasks
FNDA:2,createOne
FNDA:2,deleteById
FNDA:2,updateById
DA:1,1
DA:2,1
DA:6,2
DA:7,2
DA:8,1
DA:10,1
DA:11,1
DA:12,1
DA:17,2
DA:18,2
DA:19,2
DA:20,2
DA:21,1
DA:23,1
DA:24,1
DA:25,1
DA:30,2
DA:31,2
DA:32,1
DA:33,1
DA:35,1
DA:36,1
DA:37,1
DA:42,2
DA:43,2
DA:48,1
DA:50,1
DA:51,1
DA:52,1
DA:56,1
DA:64,1
LF:31
LH:31
BRF:0
BRH:0
end_of_record
TN:
SF:src/model/taskModel.js
FNF:0
FNH:0
DA:1,1
DA:3,1
DA:8,1
LF:3
LH:3
BRF:0
BRH:0
end_of_record
